profile/build/intermediates/manifest_merge_blame_file/debug/manifest-merger-blame-debug-report.txt
1<?xml version="1.0" encoding="utf-8"?>
2<manifest xmlns:android="http://schemas.android.com/apk/res/android"
3    xmlns:dist="http://schemas.android.com/apk/distribution"
4    featureSplit="profile"
5    package="com.neotica.cinepoly"
6    android:versionCode="1"
7    android:versionName="1.0" >
8
9    <uses-sdk
10        android:minSdkVersion="27"
11        android:targetSdkVersion="27" />
12
13    <uses-permission android:name="android.permission.READ_MEDIA_IMAGES" />
13-->src/main/AndroidManifest.xml:5:5-75
13-->src/main/AndroidManifest.xml:5:22-73
14    <uses-permission android:name="android.permission.READ_EXTERNAL_STORAGE" />
14-->src/main/AndroidManifest.xml:6:5-79
14-->src/main/AndroidManifest.xml:6:22-77
15
16    <dist:module
16-->src/main/AndroidManifest.xml:8:5-15:19
17        dist:instant="false"
17-->src/main/AndroidManifest.xml:9:9-29
18        dist:title="@string/title_profile" >
18-->src/main/AndroidManifest.xml:10:9-43
19        <dist:delivery>
19-->src/main/AndroidManifest.xml:11:9-13:25
20            <dist:on-demand />
20-->src/main/AndroidManifest.xml:12:13-31
21        </dist:delivery>
22
23        <dist:fusing dist:include="true" />
23-->src/main/AndroidManifest.xml:14:9-44
23-->src/main/AndroidManifest.xml:14:22-41
24    </dist:module>
25
26    <uses-permission android:name="android.permission.POST_NOTIFICATIONS" />
26-->src/main/AndroidManifest.xml:16:5-77
26-->src/main/AndroidManifest.xml:16:22-74
27
28    <application
29        android:debuggable="true"
30        android:extractNativeLibs="false"
31        android:testOnly="true" />
32
33</manifest>